<?xml version="1.0" encoding="UTF-8"?>
<!-- Generated by org.testng.reporters.JUnitXMLReporter -->
<testsuite ignored="0" hostname="DESKTOP-4J7IFI2" failures="0" tests="2" name="Default test" time="225.209" errors="0" timestamp="2023-08-10T10:56:56 IST">
  <testcase classname="vtiger.ContactsTests.CreateContactWithOrganisationTest" name="createContactWithOrgTest" time="151.108"/>
  <testcase classname="vtiger.ContactsTests.CreateContactWithOrganisationTest" name="demotest" time="0.008"/>
</testsuite> <!-- Default test -->
