<?xml version="1.0" encoding="UTF-8"?>
<!-- Generated by org.testng.reporters.JUnitXMLReporter -->
<testsuite ignored="2" hostname="DESKTOP-4J7IFI2" failures="0" tests="4" name="Test" time="240.606" errors="0" timestamp="2023-08-10T11:45:34 IST">
  <testcase classname="vtiger.ContactsTests.CreateContactWithOrganisationTest" name="createContactWithOrgTest" time="48.69"/>
  <testcase classname="vtiger.ContactsTests.CreateContactWithOrganisationTest" name="demotest" time="0.017"/>
  <testcase classname="vtiger.OrganizationsTests.CreateOrganizationWithIndustryTest" name="createOrgWithInsustryTest" time="19.525"/>
  <testcase classname="vtiger.OrganizationsTests.CreateOrganizationWithIndustryTest" name="sampleTest" time="0.004"/>
  <testcase classname="vtiger.GenericUtilities.BaseClass" name="@AfterSuite asConfig" time="0.0">
    <ignored/>
  </testcase> <!-- @AfterSuite asConfig -->
  <testcase classname="vtiger.GenericUtilities.BaseClass" name="@BeforeSuite bsConfig" time="0.0">
    <ignored/>
  </testcase> <!-- @BeforeSuite bsConfig -->
</testsuite> <!-- Test -->
