<?xml version="1.0" encoding="UTF-8"?>
<testng-results ignored="2" total="6" passed="4" failed="0" skipped="0">
  <reporter-output>
    <line>
      <![CDATA[Org link clicked]]>
    </line>
    <line>
      <![CDATA[create org look up image is clicked]]>
    </line>
    <line>
      <![CDATA[Organization created]]>
    </line>
    <line>
      <![CDATA[contacts link clicked]]>
    </line>
    <line>
      <![CDATA[create contact look up image clicked]]>
    </line>
    <line>
      <![CDATA[Contact is created]]>
    </line>
  </reporter-output>
  <suite started-at="2023-08-10T11:41:32 IST" name="Suite" finished-at="2023-08-10T11:45:33 IST" duration-ms="240606">
    <groups>
      <group name="RegressionSuite">
        <method signature="CreateOrganizationWithIndustryTest.createOrgWithInsustryTest()[pri:0, instance:vtiger.OrganizationsTests.CreateOrganizationWithIndustryTest@294425a7]" name="createOrgWithInsustryTest" class="vtiger.OrganizationsTests.CreateOrganizationWithIndustryTest"/>
      </group> <!-- RegressionSuite -->
      <group name="SmokeSuite">
        <method signature="CreateContactWithOrganisationTest.createContactWithOrgTest()[pri:0, instance:vtiger.ContactsTests.CreateContactWithOrganisationTest@6572421]" name="createContactWithOrgTest" class="vtiger.ContactsTests.CreateContactWithOrganisationTest"/>
      </group> <!-- SmokeSuite -->
    </groups>
    <test started-at="2023-08-10T11:41:32 IST" name="Test" finished-at="2023-08-10T11:45:33 IST" duration-ms="240606">
      <class name="vtiger.ContactsTests.CreateContactWithOrganisationTest">
        <test-method is-config="true" signature="bcConfig()[pri:0, instance:vtiger.ContactsTests.CreateContactWithOrganisationTest@6572421]" started-at="2023-08-10T11:41:32 IST" name="bcConfig" finished-at="2023-08-10T11:42:09 IST" duration-ms="36607" status="PASS">
          <reporter-output>
          </reporter-output>
        </test-method> <!-- bcConfig -->
        <test-method is-config="true" signature="bmConfig()[pri:0, instance:vtiger.ContactsTests.CreateContactWithOrganisationTest@6572421]" started-at="2023-08-10T11:42:09 IST" name="bmConfig" finished-at="2023-08-10T11:42:27 IST" duration-ms="17675" status="PASS">
          <reporter-output>
          </reporter-output>
        </test-method> <!-- bmConfig -->
        <test-method signature="createContactWithOrgTest()[pri:0, instance:vtiger.ContactsTests.CreateContactWithOrganisationTest@6572421]" started-at="2023-08-10T11:42:27 IST" name="createContactWithOrgTest" finished-at="2023-08-10T11:43:15 IST" duration-ms="48690" status="PASS">
          <reporter-output>
            <line>
              <![CDATA[Org link clicked]]>
            </line>
            <line>
              <![CDATA[create org look up image is clicked]]>
            </line>
            <line>
              <![CDATA[Organization created]]>
            </line>
            <line>
              <![CDATA[contacts link clicked]]>
            </line>
            <line>
              <![CDATA[create contact look up image clicked]]>
            </line>
            <line>
              <![CDATA[Contact is created]]>
            </line>
          </reporter-output>
        </test-method> <!-- createContactWithOrgTest -->
        <test-method is-config="true" signature="amConfig()[pri:0, instance:vtiger.ContactsTests.CreateContactWithOrganisationTest@6572421]" started-at="2023-08-10T11:43:15 IST" name="amConfig" finished-at="2023-08-10T11:43:21 IST" duration-ms="5421" status="PASS">
          <reporter-output>
          </reporter-output>
        </test-method> <!-- amConfig -->
        <test-method is-config="true" signature="bmConfig()[pri:0, instance:vtiger.ContactsTests.CreateContactWithOrganisationTest@6572421]" started-at="2023-08-10T11:43:21 IST" name="bmConfig" finished-at="2023-08-10T11:43:43 IST" duration-ms="22197" status="PASS">
          <reporter-output>
          </reporter-output>
        </test-method> <!-- bmConfig -->
        <test-method signature="demotest()[pri:0, instance:vtiger.ContactsTests.CreateContactWithOrganisationTest@6572421]" started-at="2023-08-10T11:43:43 IST" name="demotest" finished-at="2023-08-10T11:43:43 IST" duration-ms="17" status="PASS">
          <reporter-output>
          </reporter-output>
        </test-method> <!-- demotest -->
        <test-method is-config="true" signature="amConfig()[pri:0, instance:vtiger.ContactsTests.CreateContactWithOrganisationTest@6572421]" started-at="2023-08-10T11:43:43 IST" name="amConfig" finished-at="2023-08-10T11:44:20 IST" duration-ms="37070" status="PASS">
          <reporter-output>
          </reporter-output>
        </test-method> <!-- amConfig -->
        <test-method is-config="true" signature="acConfig()[pri:0, instance:vtiger.ContactsTests.CreateContactWithOrganisationTest@6572421]" started-at="2023-08-10T11:44:20 IST" name="acConfig" finished-at="2023-08-10T11:44:22 IST" duration-ms="1792" status="PASS">
          <reporter-output>
          </reporter-output>
        </test-method> <!-- acConfig -->
      </class> <!-- vtiger.ContactsTests.CreateContactWithOrganisationTest -->
      <class name="vtiger.OrganizationsTests.CreateOrganizationWithIndustryTest">
        <test-method is-config="true" signature="bsConfig()[pri:0, instance:vtiger.OrganizationsTests.CreateOrganizationWithIndustryTest@294425a7]" started-at="2023-08-10T11:41:32 IST" name="bsConfig" finished-at="2023-08-10T11:41:32 IST" duration-ms="31" status="PASS">
          <reporter-output>
          </reporter-output>
        </test-method> <!-- bsConfig -->
        <test-method is-config="true" signature="bcConfig()[pri:0, instance:vtiger.OrganizationsTests.CreateOrganizationWithIndustryTest@294425a7]" started-at="2023-08-10T11:44:22 IST" name="bcConfig" finished-at="2023-08-10T11:44:42 IST" duration-ms="20549" status="PASS">
          <reporter-output>
          </reporter-output>
        </test-method> <!-- bcConfig -->
        <test-method is-config="true" signature="bmConfig()[pri:0, instance:vtiger.OrganizationsTests.CreateOrganizationWithIndustryTest@294425a7]" started-at="2023-08-10T11:44:42 IST" name="bmConfig" finished-at="2023-08-10T11:44:51 IST" duration-ms="8555" status="PASS">
          <reporter-output>
          </reporter-output>
        </test-method> <!-- bmConfig -->
        <test-method signature="createOrgWithInsustryTest()[pri:0, instance:vtiger.OrganizationsTests.CreateOrganizationWithIndustryTest@294425a7]" started-at="2023-08-10T11:44:51 IST" name="createOrgWithInsustryTest" finished-at="2023-08-10T11:45:11 IST" duration-ms="19525" status="PASS">
          <reporter-output>
          </reporter-output>
        </test-method> <!-- createOrgWithInsustryTest -->
        <test-method is-config="true" signature="amConfig()[pri:0, instance:vtiger.OrganizationsTests.CreateOrganizationWithIndustryTest@294425a7]" started-at="2023-08-10T11:45:11 IST" name="amConfig" finished-at="2023-08-10T11:45:19 IST" duration-ms="8761" status="PASS">
          <reporter-output>
          </reporter-output>
        </test-method> <!-- amConfig -->
        <test-method is-config="true" signature="bmConfig()[pri:0, instance:vtiger.OrganizationsTests.CreateOrganizationWithIndustryTest@294425a7]" started-at="2023-08-10T11:45:19 IST" name="bmConfig" finished-at="2023-08-10T11:45:23 IST" duration-ms="3946" status="PASS">
          <reporter-output>
          </reporter-output>
        </test-method> <!-- bmConfig -->
        <test-method signature="sampleTest()[pri:0, instance:vtiger.OrganizationsTests.CreateOrganizationWithIndustryTest@294425a7]" started-at="2023-08-10T11:45:23 IST" name="sampleTest" finished-at="2023-08-10T11:45:23 IST" duration-ms="4" status="PASS">
          <reporter-output>
          </reporter-output>
        </test-method> <!-- sampleTest -->
        <test-method is-config="true" signature="amConfig()[pri:0, instance:vtiger.OrganizationsTests.CreateOrganizationWithIndustryTest@294425a7]" started-at="2023-08-10T11:45:23 IST" name="amConfig" finished-at="2023-08-10T11:45:32 IST" duration-ms="8763" status="PASS">
          <reporter-output>
          </reporter-output>
        </test-method> <!-- amConfig -->
        <test-method is-config="true" signature="acConfig()[pri:0, instance:vtiger.OrganizationsTests.CreateOrganizationWithIndustryTest@294425a7]" started-at="2023-08-10T11:45:32 IST" name="acConfig" finished-at="2023-08-10T11:45:33 IST" duration-ms="857" status="PASS">
          <reporter-output>
          </reporter-output>
        </test-method> <!-- acConfig -->
        <test-method is-config="true" signature="asConfig()[pri:0, instance:vtiger.OrganizationsTests.CreateOrganizationWithIndustryTest@294425a7]" started-at="2023-08-10T11:45:34 IST" name="asConfig" finished-at="2023-08-10T11:45:34 IST" duration-ms="1" status="PASS">
          <reporter-output>
          </reporter-output>
        </test-method> <!-- asConfig -->
      </class> <!-- vtiger.OrganizationsTests.CreateOrganizationWithIndustryTest -->
    </test> <!-- Test -->
  </suite> <!-- Suite -->
</testng-results>
